2026-01-30 09:21:22,284 [INFO] could not connect
2026-01-30 09:21:22,284 [INFO] disconnecting
2026-01-30 09:21:22,284 [INFO] ANSWER connectionClosed {}
2026-01-30 09:22:40,773 [INFO] sent startApi
2026-01-30 09:22:40,773 [INFO] REQUEST startApi {}
2026-01-30 09:22:40,774 [INFO] SENDING startApi b'\x00\x00\x00\n71\x002\x00777\x00\x00'
2026-01-30 09:22:40,774 [INFO] ANSWER connectAck {}
2026-01-30 09:22:40,815 [INFO] ANSWER managedAccounts {'accountsList': 'DUO200259'}
2026-02-02 07:23:17,500 [INFO] Starting Premarket Strategy Runner...
2026-02-02 07:23:17,617 [INFO] [TWNP] Preloading 5m of history...
2026-02-02 07:23:18,020 [INFO] [TWNP] Preloaded 300 1s-bars and 61 5s-bars.
2026-02-02 07:23:18,020 [INFO] [PMN] Preloading 5m of history...
2026-02-02 07:23:18,424 [INFO] [PMN] Preloaded 300 1s-bars and 61 5s-bars.
2026-02-02 07:23:30,058 [INFO] Starting Premarket Strategy Runner...
2026-02-02 07:23:30,165 [INFO] [TWNP] Preloading 5m of history...
2026-02-02 07:23:30,567 [INFO] [TWNP] Preloaded 300 1s-bars and 59 5s-bars.
2026-02-02 07:23:30,567 [INFO] [PMN] Preloading 5m of history...
2026-02-02 07:23:30,869 [INFO] [PMN] Preloaded 300 1s-bars and 59 5s-bars.
2026-02-02 07:23:59,285 [INFO] Starting Premarket Strategy Runner...
2026-02-02 07:23:59,391 [INFO] [VHUB] Preloading 5m of history...
2026-02-02 07:23:59,794 [INFO] [VHUB] Preloaded 300 1s-bars and 61 5s-bars.
2026-02-02 07:23:59,794 [INFO] [SXTC] Preloading 5m of history...
2026-02-02 07:24:00,197 [INFO] [SXTC] Preloaded 300 1s-bars and 61 5s-bars.
2026-02-02 07:24:00,197 [INFO] [DKI] Preloading 5m of history...
2026-02-02 07:24:00,499 [INFO] [DKI] Preloaded 300 1s-bars and 59 5s-bars.
2026-02-02 07:24:00,499 [INFO] [CISS] Preloading 5m of history...
2026-02-02 07:24:00,801 [INFO] [CISS] Preloaded 300 1s-bars and 59 5s-bars.
2026-02-02 07:25:49,402 [INFO] Starting Premarket Strategy Runner...
2026-02-02 07:25:49,511 [INFO] [VHUB] Preloading 5m of history...
2026-02-02 07:25:49,914 [INFO] [VHUB] Preloaded 300 1s-bars and 61 5s-bars.
2026-02-02 07:25:49,914 [INFO] [SXTC] Preloading 5m of history...
2026-02-02 07:25:50,217 [INFO] [SXTC] Preloaded 300 1s-bars and 61 5s-bars.
2026-02-02 07:25:50,217 [INFO] [DKI] Preloading 5m of history...
2026-02-02 07:25:50,518 [INFO] [DKI] Preloaded 300 1s-bars and 59 5s-bars.
2026-02-02 07:25:50,518 [INFO] [CISS] Preloading 5m of history...
2026-02-02 07:25:50,820 [INFO] [CISS] Preloaded 300 1s-bars and 59 5s-bars.
2026-02-02 07:26:44,384 [INFO] Starting Premarket Strategy Runner...
2026-02-02 07:26:44,492 [INFO] [VHUB] Preloading 5m of history...
2026-02-02 07:26:44,894 [INFO] [VHUB] Preloaded 300 1s-bars and 61 5s-bars.
2026-02-02 07:26:44,894 [INFO] [SXTC] Preloading 5m of history...
2026-02-02 07:26:45,196 [INFO] [SXTC] Preloaded 300 1s-bars and 61 5s-bars.
2026-02-02 07:26:45,196 [INFO] [DKI] Preloading 5m of history...
2026-02-02 07:26:45,498 [INFO] [DKI] Preloaded 300 1s-bars and 59 5s-bars.
2026-02-02 07:26:45,498 [INFO] [CISS] Preloading 5m of history...
2026-02-02 07:26:45,800 [INFO] [CISS] Preloaded 300 1s-bars and 59 5s-bars.
2026-02-02 07:27:38,554 [INFO] Starting Premarket Strategy Runner...
2026-02-02 07:27:38,685 [INFO] [VHUB] Preloading 5m of history...
2026-02-02 07:27:39,088 [INFO] [VHUB] Preloaded 300 1s-bars and 61 5s-bars.
2026-02-02 07:27:39,088 [INFO] [SXTC] Preloading 5m of history...
2026-02-02 07:27:39,490 [INFO] [SXTC] Preloaded 300 1s-bars and 61 5s-bars.
2026-02-02 07:27:39,490 [INFO] [DKI] Preloading 5m of history...
2026-02-02 07:27:39,893 [INFO] [DKI] Preloaded 300 1s-bars and 61 5s-bars.
2026-02-02 07:27:39,893 [INFO] [CISS] Preloading 5m of history...
2026-02-02 07:27:40,196 [INFO] [CISS] Preloaded 300 1s-bars and 61 5s-bars.
2026-02-02 07:28:48,994 [INFO] Starting Premarket Strategy Runner...
2026-02-02 07:28:49,101 [INFO] [VHUB] Preloading 5m of history...
2026-02-02 07:28:49,503 [INFO] [VHUB] Preloaded 300 1s-bars and 61 5s-bars.
2026-02-02 07:28:49,503 [INFO] [SXTC] Preloading 5m of history...
2026-02-02 07:28:49,905 [INFO] [SXTC] Preloaded 300 1s-bars and 61 5s-bars.
2026-02-02 07:28:49,905 [INFO] [DKI] Preloading 5m of history...
2026-02-02 07:28:50,307 [INFO] [DKI] Preloaded 300 1s-bars and 61 5s-bars.
2026-02-02 07:28:50,307 [INFO] [CISS] Preloading 5m of history...
2026-02-02 07:28:50,609 [INFO] [CISS] Preloaded 300 1s-bars and 59 5s-bars.
2026-02-02 07:29:40,370 [INFO] Starting Premarket Strategy Runner...
2026-02-02 07:29:40,477 [INFO] [VHUB] Preloading 5m of history...
2026-02-02 07:29:40,780 [INFO] [VHUB] Preloaded 300 1s-bars and 59 5s-bars.
2026-02-02 07:29:40,780 [INFO] [SXTC] Preloading 5m of history...
2026-02-02 07:29:41,081 [INFO] [SXTC] Preloaded 300 1s-bars and 59 5s-bars.
2026-02-02 07:29:41,081 [INFO] [DKI] Preloading 5m of history...
2026-02-02 07:29:41,483 [INFO] [DKI] Preloaded 300 1s-bars and 61 5s-bars.
2026-02-02 07:29:41,483 [INFO] [CISS] Preloading 5m of history...
2026-02-02 07:29:41,886 [INFO] [CISS] Preloaded 300 1s-bars and 61 5s-bars.
2026-02-02 07:29:42,020 [INFO] [VHUB] Warm-up complete. 1s bars: 300, 5s bars: 59
2026-02-02 07:29:42,022 [INFO] [SXTC] Warm-up complete. 1s bars: 300, 5s bars: 59
2026-02-02 07:29:42,026 [INFO] [DKI] Warm-up complete. 1s bars: 300, 5s bars: 61
2026-02-02 07:29:42,028 [INFO] [CISS] Warm-up complete. 1s bars: 300, 5s bars: 61
2026-02-02 07:30:39,336 [INFO] Starting Premarket Strategy Runner...
2026-02-02 07:30:39,451 [INFO] [VHUB] Preloading 5m of history...
2026-02-02 07:30:39,853 [INFO] [VHUB] Preloaded 300 1s-bars and 61 5s-bars.
2026-02-02 07:30:39,853 [INFO] [SXTC] Preloading 5m of history...
2026-02-02 07:30:40,255 [INFO] [SXTC] Preloaded 300 1s-bars and 61 5s-bars.
2026-02-02 07:30:40,255 [INFO] [DKI] Preloading 5m of history...
2026-02-02 07:30:40,657 [INFO] [DKI] Preloaded 300 1s-bars and 59 5s-bars.
2026-02-02 07:30:40,657 [INFO] [CISS] Preloading 5m of history...
2026-02-02 07:30:40,959 [INFO] [CISS] Preloaded 300 1s-bars and 59 5s-bars.
2026-02-02 07:30:40,980 [INFO] [VHUB] Warm-up complete. 1s bars: 300, 5s bars: 61
2026-02-02 07:30:40,982 [INFO] [SXTC] Warm-up complete. 1s bars: 300, 5s bars: 61
2026-02-02 07:30:40,985 [INFO] [DKI] Warm-up complete. 1s bars: 300, 5s bars: 59
2026-02-02 07:30:40,987 [INFO] [CISS] Warm-up complete. 1s bars: 300, 5s bars: 59
2026-02-02 07:32:21,483 [INFO] Starting Premarket Strategy Runner...
2026-02-02 07:32:21,593 [INFO] [VHUB] Preloading 5m of history...
2026-02-02 07:32:21,996 [INFO] [VHUB] Preloaded 300 1s-bars and 61 5s-bars.
2026-02-02 07:32:21,996 [INFO] [SXTC] Preloading 5m of history...
2026-02-02 07:32:22,399 [INFO] [SXTC] Preloaded 300 1s-bars and 61 5s-bars.
2026-02-02 07:32:22,399 [INFO] [DKI] Preloading 5m of history...
2026-02-02 07:32:22,801 [INFO] [DKI] Preloaded 300 1s-bars and 61 5s-bars.
2026-02-02 07:32:22,801 [INFO] [CISS] Preloading 5m of history...
2026-02-02 07:32:23,203 [INFO] [CISS] Preloaded 300 1s-bars and 61 5s-bars.
2026-02-02 07:32:23,246 [INFO] [VHUB] Warm-up complete. 1s bars: 300, 5s bars: 61
2026-02-02 07:32:23,249 [INFO] [SXTC] Warm-up complete. 1s bars: 300, 5s bars: 61
2026-02-02 07:32:23,251 [INFO] [DKI] Warm-up complete. 1s bars: 300, 5s bars: 61
2026-02-02 07:32:23,253 [INFO] [CISS] Warm-up complete. 1s bars: 300, 5s bars: 61
2026-02-02 07:33:52,262 [INFO] Starting Premarket Strategy Runner...
2026-02-02 07:33:52,375 [INFO] [VHUB] Preloading 5m of history...
2026-02-02 07:33:52,777 [INFO] [VHUB] Preloaded 300 1s-bars and 61 5s-bars.
2026-02-02 07:33:52,777 [INFO] [SXTC] Preloading 5m of history...
2026-02-02 07:33:53,180 [INFO] [SXTC] Preloaded 300 1s-bars and 61 5s-bars.
2026-02-02 07:33:53,180 [INFO] [DKI] Preloading 5m of history...
2026-02-02 07:33:53,582 [INFO] [DKI] Preloaded 300 1s-bars and 61 5s-bars.
2026-02-02 07:33:53,582 [INFO] [CISS] Preloading 5m of history...
2026-02-02 07:33:53,985 [INFO] [CISS] Preloaded 300 1s-bars and 61 5s-bars.
2026-02-02 07:33:54,021 [INFO] [VHUB] Warm-up complete. 1s bars: 300, 5s bars: 61
2026-02-02 07:33:54,023 [INFO] [SXTC] Warm-up complete. 1s bars: 300, 5s bars: 61
2026-02-02 07:33:54,025 [INFO] [DKI] Warm-up complete. 1s bars: 300, 5s bars: 61
2026-02-02 07:33:54,029 [INFO] [CISS] Warm-up complete. 1s bars: 300, 5s bars: 61
2026-02-02 07:35:09,933 [INFO] Starting Premarket Strategy Runner...
2026-02-02 07:35:10,039 [INFO] [VHUB] Preloading 5m of history...
2026-02-02 07:35:10,342 [INFO] [VHUB] Preloaded 300 1s-bars and 59 5s-bars.
2026-02-02 07:35:10,342 [INFO] [SXTC] Preloading 5m of history...
2026-02-02 07:35:10,645 [INFO] [SXTC] Preloaded 300 1s-bars and 59 5s-bars.
2026-02-02 07:35:10,645 [INFO] [DKI] Preloading 5m of history...
2026-02-02 07:35:10,946 [INFO] [DKI] Preloaded 300 1s-bars and 60 5s-bars.
2026-02-02 07:35:10,946 [INFO] [CISS] Preloading 5m of history...
2026-02-02 07:35:11,248 [INFO] [CISS] Preloaded 300 1s-bars and 60 5s-bars.
2026-02-02 07:35:11,283 [INFO] [VHUB] Warm-up complete. 1s bars: 300, 5s bars: 59
2026-02-02 07:35:11,315 [INFO] [SXTC] Warm-up complete. 1s bars: 300, 5s bars: 59
2026-02-02 07:35:11,319 [INFO] [DKI] Warm-up complete. 1s bars: 300, 5s bars: 60
2026-02-02 07:35:11,320 [INFO] [CISS] Warm-up complete. 1s bars: 300, 5s bars: 60
2026-02-02 07:36:27,235 [INFO] [SXTC] SHOCK: Shock: 2.78% ret, 32898736 vol (vs 4112342 med)
